2018/05/08 12:20:00 INFO  - jmeter.util.JMeterUtils: Setting Locale to en_IN 
2018/05/08 12:20:00 INFO  - jmeter.protocol.http.sampler.HTTPSamplerBase: Parser for text/html is org.apache.jmeter.protocol.http.parser.LagartoBasedHtmlParser 
2018/05/08 12:20:00 INFO  - jmeter.protocol.http.sampler.HTTPSamplerBase: Parser for application/xhtml+xml is org.apache.jmeter.protocol.http.parser.LagartoBasedHtmlParser 
2018/05/08 12:20:00 INFO  - jmeter.protocol.http.sampler.HTTPSamplerBase: Parser for application/xml is org.apache.jmeter.protocol.http.parser.LagartoBasedHtmlParser 
2018/05/08 12:20:00 INFO  - jmeter.protocol.http.sampler.HTTPSamplerBase: Parser for text/xml is org.apache.jmeter.protocol.http.parser.LagartoBasedHtmlParser 
2018/05/08 12:20:00 INFO  - jmeter.protocol.http.sampler.HTTPSamplerBase: Parser for text/vnd.wap.wml is org.apache.jmeter.protocol.http.parser.RegexpHTMLParser 
2018/05/08 12:20:00 INFO  - jmeter.protocol.http.sampler.HTTPSamplerBase: Parser for text/css is org.apache.jmeter.protocol.http.parser.CssParser 
2018/05/08 12:20:00 INFO  - jmeter.protocol.http.sampler.HTTPSamplerBase: Reuse SSL session context on subsequent iterations: true 
2018/05/08 12:20:02 INFO  - jmeter.save.SaveService: Testplan (JMX) version: 2.2. Testlog (JTL) version: 2.2 
2018/05/08 12:20:02 INFO  - jmeter.save.SaveService: Using SaveService properties file encoding UTF-8 
2018/05/08 12:20:02 INFO  - jmeter.save.SaveService: Using SaveService properties version 4.0 
2018/05/08 12:20:02 WARN  - jmeter.save.SaveService: Bad _version - expected 2.2, found 4.0. 
2018/05/08 12:20:02 INFO  - jmeter.save.SaveService: All converter versions present and correct 
2018/05/08 12:20:02 INFO  - jmeter.engine.StandardJMeterEngine: Running the test! 
2018/05/08 12:20:02 INFO  - jmeter.engine.util.CompoundVariable: Note: Function class names must contain the string: '.functions.' 
2018/05/08 12:20:02 INFO  - jmeter.engine.util.CompoundVariable: Note: Function class names must not contain the string: '.gui.' 
2018/05/08 12:20:02 WARN  - jmeter.engine.util.CompoundVariable: Did not find any functions 
2018/05/08 12:20:02 INFO  - jmeter.services.FileServer: Default base='/Users/iservice/Downloads/jmeterexample' 
2018/05/08 12:20:02 INFO  - jmeter.engine.StandardJMeterEngine: Starting 1 threads for group Sample Thread Group. 
2018/05/08 12:20:02 INFO  - jmeter.engine.StandardJMeterEngine: Thread will continue on error 
2018/05/08 12:20:02 INFO  - jmeter.threads.JMeterThread: jmeterthread.startearlier=true (see jmeter.properties) 
2018/05/08 12:20:02 INFO  - jmeter.threads.JMeterThread: Running PostProcessors in forward order 
2018/05/08 12:20:02 INFO  - jmeter.engine.StandardJMeterEngine: All threads have been started 
2018/05/08 12:20:02 INFO  - jmeter.threads.JMeterThread: Thread started: Sample Thread Group 1-1 
2018/05/08 12:20:02 INFO  - jmeter.protocol.http.sampler.HTTPJavaImpl: Maximum connection retries = 10 
2018/05/08 12:20:02 INFO  - jmeter.samplers.SampleResult: Note: Sample TimeStamps are START times 
2018/05/08 12:20:02 INFO  - jmeter.samplers.SampleResult: sampleresult.default.encoding is set to ISO-8859-1 
2018/05/08 12:20:02 INFO  - jmeter.samplers.SampleResult: sampleresult.useNanoTime=true 
2018/05/08 12:20:02 INFO  - jmeter.samplers.SampleResult: sampleresult.nanoThreadSleep=5000 
2018/05/08 12:20:07 INFO  - jmeter.threads.JMeterThread: Thread finished: Sample Thread Group 1-1 
2018/05/08 12:20:07 INFO  - jmeter.engine.StandardJMeterEngine: Ending thread Sample Thread Group 1-1 
2018/05/08 12:20:07 INFO  - jmeter.engine.StandardJMeterEngine: Notifying test listeners of end of test 
2018/05/08 12:20:07 INFO  - jmeter.reporters.Summariser: summary =     2 in   0.2s =   12.3/s Avg:   163 Min:   163 Max:   163 Err:     0 (0.00%) 
2018/05/08 12:20:07 INFO  - jmeter.engine.StandardJMeterEngine: Test has ended on host null 
