2018-05-07 17:04:48,990 INFO o.a.j.u.JMeterUtils: Setting Locale to en_IN
2018-05-07 17:04:49,014 INFO o.a.j.JMeter: Loading user properties from: /Users/iservice/Downloads/apache-jmeter-4.0/bin/user.properties
2018-05-07 17:04:49,015 INFO o.a.j.JMeter: Loading system properties from: /Users/iservice/Downloads/apache-jmeter-4.0/bin/system.properties
2018-05-07 17:04:49,021 INFO o.a.j.JMeter: Copyright (c) 1998-2018 The Apache Software Foundation
2018-05-07 17:04:49,021 INFO o.a.j.JMeter: Version 4.0 r1823414
2018-05-07 17:04:49,021 INFO o.a.j.JMeter: java.version=1.8.0_152
2018-05-07 17:04:49,021 INFO o.a.j.JMeter: java.vm.name=Java HotSpot(TM) 64-Bit Server VM
2018-05-07 17:04:49,021 INFO o.a.j.JMeter: os.name=Mac OS X
2018-05-07 17:04:49,021 INFO o.a.j.JMeter: os.arch=x86_64
2018-05-07 17:04:49,021 INFO o.a.j.JMeter: os.version=10.13
2018-05-07 17:04:49,021 INFO o.a.j.JMeter: file.encoding=UTF-8
2018-05-07 17:04:49,022 INFO o.a.j.JMeter: Max memory     =1908932608
2018-05-07 17:04:49,022 INFO o.a.j.JMeter: Available Processors =4
2018-05-07 17:04:49,025 INFO o.a.j.JMeter: Default Locale=English (India)
2018-05-07 17:04:49,025 INFO o.a.j.JMeter: JMeter  Locale=English (India)
2018-05-07 17:04:49,025 INFO o.a.j.JMeter: JMeterHome=/Users/iservice/Downloads/apache-jmeter-4.0
2018-05-07 17:04:49,026 INFO o.a.j.JMeter: user.dir  =/Users/iservice/Downloads/apache-jmeter-4.0
2018-05-07 17:04:49,026 INFO o.a.j.JMeter: PWD       =/Users/iservice/Downloads/apache-jmeter-4.0
2018-05-07 17:04:54,079 INFO o.a.j.JMeter: IP: 10.191.1.128 Name: iServices-MacBook-Pro.local FullName: 10.191.1.128
2018-05-07 17:04:55,911 INFO o.a.j.g.a.LookAndFeelCommand: Installing Darcula LAF
2018-05-07 17:04:55,930 INFO o.a.j.g.a.LookAndFeelCommand: Using look and feel: com.bulenkov.darcula.DarculaLaf [Darcula]
2018-05-07 17:04:55,930 INFO o.a.j.JMeter: Setting LAF to: com.bulenkov.darcula.DarculaLaf
2018-05-07 17:04:56,029 INFO o.a.j.JMeter: Loaded icon properties from org/apache/jmeter/images/icon.properties
2018-05-07 17:04:57,120 INFO o.a.j.e.u.CompoundVariable: Note: Function class names must contain the string: '.functions.'
2018-05-07 17:04:57,121 INFO o.a.j.e.u.CompoundVariable: Note: Function class names must not contain the string: '.gui.'
2018-05-07 17:05:02,237 INFO o.a.j.p.h.s.HTTPSamplerBase: Parser for text/html is org.apache.jmeter.protocol.http.parser.LagartoBasedHtmlParser
2018-05-07 17:05:02,239 INFO o.a.j.p.h.s.HTTPSamplerBase: Parser for application/xhtml+xml is org.apache.jmeter.protocol.http.parser.LagartoBasedHtmlParser
2018-05-07 17:05:02,239 INFO o.a.j.p.h.s.HTTPSamplerBase: Parser for application/xml is org.apache.jmeter.protocol.http.parser.LagartoBasedHtmlParser
2018-05-07 17:05:02,239 INFO o.a.j.p.h.s.HTTPSamplerBase: Parser for text/xml is org.apache.jmeter.protocol.http.parser.LagartoBasedHtmlParser
2018-05-07 17:05:02,239 INFO o.a.j.p.h.s.HTTPSamplerBase: Parser for text/vnd.wap.wml is org.apache.jmeter.protocol.http.parser.RegexpHTMLParser
2018-05-07 17:05:02,240 INFO o.a.j.p.h.s.HTTPSamplerBase: Parser for text/css is org.apache.jmeter.protocol.http.parser.CssParser
2018-05-07 17:05:03,153 INFO o.a.j.e.KeyToolUtils: keytool found at 'keytool'
2018-05-07 17:05:03,155 INFO o.a.j.p.h.p.ProxyControl: HTTP(S) Test Script Recorder SSL Proxy will use keys that support embedded 3rd party resources in file /Users/iservice/Downloads/apache-jmeter-4.0/bin/proxyserver.jks
2018-05-07 17:05:03,576 INFO o.a.j.s.FileServer: Default base='/Users/iservice/Downloads/apache-jmeter-4.0'
2018-05-07 17:05:04,559 INFO o.a.j.s.SampleResult: Note: Sample TimeStamps are START times
2018-05-07 17:05:04,560 INFO o.a.j.s.SampleResult: sampleresult.default.encoding is set to ISO-8859-1
2018-05-07 17:05:04,560 INFO o.a.j.s.SampleResult: sampleresult.useNanoTime=true
2018-05-07 17:05:04,561 INFO o.a.j.s.SampleResult: sampleresult.nanoThreadSleep=5000
2018-05-07 17:17:01,347 INFO o.a.j.p.h.c.CookieManager: Settings: Delete null: true Check: true Allow variable: true Save: false Prefix: COOKIE_
2018-05-07 17:18:45,382 INFO o.a.j.p.h.p.ProxyControl: Valid alias found for :root_ca:
2018-05-07 17:18:45,382 INFO o.a.j.p.h.p.ProxyControl: Valid alias found for :intermediate_ca:
2018-05-07 17:18:45,382 INFO o.a.j.p.h.p.Daemon: Creating Daemon Socket on port: 8080
2018-05-07 17:18:45,397 INFO o.a.j.p.h.p.Daemon: Test Script Recorder up and running!
2018-05-07 17:19:09,455 INFO o.a.j.p.h.p.Daemon: HTTP(S) Test Script Recorder stopped
2018-05-07 17:19:53,301 INFO o.a.j.p.h.p.ProxyControl: Valid alias found for :root_ca:
2018-05-07 17:19:53,302 INFO o.a.j.p.h.p.ProxyControl: Valid alias found for :intermediate_ca:
2018-05-07 17:19:53,302 INFO o.a.j.p.h.p.Daemon: Creating Daemon Socket on port: 8080
2018-05-07 17:19:53,303 INFO o.a.j.p.h.p.Daemon: Test Script Recorder up and running!
2018-05-07 17:20:08,336 INFO o.a.j.p.h.p.Daemon: HTTP(S) Test Script Recorder stopped
2018-05-07 17:20:27,445 INFO o.a.j.p.h.p.ProxyControl: Valid alias found for :root_ca:
2018-05-07 17:20:27,445 INFO o.a.j.p.h.p.ProxyControl: Valid alias found for :intermediate_ca:
2018-05-07 17:20:27,446 INFO o.a.j.p.h.p.Daemon: Creating Daemon Socket on port: 8080
2018-05-07 17:20:27,447 INFO o.a.j.p.h.p.Daemon: Test Script Recorder up and running!
2018-05-07 17:20:45,487 INFO o.a.j.p.h.p.Daemon: HTTP(S) Test Script Recorder stopped
2018-05-07 17:22:56,551 INFO o.a.j.p.h.p.ProxyControl: Valid alias found for :root_ca:
2018-05-07 17:22:56,551 INFO o.a.j.p.h.p.ProxyControl: Valid alias found for :intermediate_ca:
2018-05-07 17:22:56,551 INFO o.a.j.p.h.p.Daemon: Creating Daemon Socket on port: 8080
2018-05-07 17:22:56,553 INFO o.a.j.p.h.p.Daemon: Test Script Recorder up and running!
2018-05-07 17:23:18,605 INFO o.a.j.p.h.p.Daemon: HTTP(S) Test Script Recorder stopped
2018-05-07 17:25:04,697 INFO o.a.j.p.h.p.ProxyControl: Valid alias found for :root_ca:
2018-05-07 17:25:04,700 INFO o.a.j.p.h.p.ProxyControl: Valid alias found for :intermediate_ca:
2018-05-07 17:25:04,700 INFO o.a.j.p.h.p.Daemon: Creating Daemon Socket on port: 8080
2018-05-07 17:25:04,700 INFO o.a.j.p.h.p.Daemon: Test Script Recorder up and running!
2018-05-07 17:25:23,745 INFO o.a.j.p.h.p.Daemon: HTTP(S) Test Script Recorder stopped
2018-05-07 17:25:58,187 INFO o.a.j.s.FileServer: Set new base='/Users/iservice/Downloads/apache-jmeter-4.0'
2018-05-07 17:25:58,314 INFO o.a.j.s.SaveService: Testplan (JMX) version: 2.2. Testlog (JTL) version: 2.2
2018-05-07 17:25:58,321 INFO o.a.j.s.SaveService: Using SaveService properties file encoding UTF-8
2018-05-07 17:25:58,323 INFO o.a.j.s.SaveService: Using SaveService properties version 4.0
2018-05-07 17:26:03,081 INFO o.a.j.p.h.p.ProxyControl: Valid alias found for :root_ca:
2018-05-07 17:26:03,083 INFO o.a.j.p.h.p.ProxyControl: Valid alias found for :intermediate_ca:
2018-05-07 17:26:03,083 INFO o.a.j.p.h.p.Daemon: Creating Daemon Socket on port: 8080
2018-05-07 17:26:03,084 INFO o.a.j.p.h.p.Daemon: Test Script Recorder up and running!
2018-05-07 17:26:17,123 INFO o.a.j.p.h.p.Daemon: HTTP(S) Test Script Recorder stopped
